Arguments: 
  /home/vagrant/.nvm/versions/node/v10.1.0/bin/node /home/vagrant/.nvm/versions/node/v10.1.0/bin/yarn add --dev webpack-dev-server

PATH: 
  /home/vagrant/.rvm/gems/ruby-2.4.4/bin:/home/vagrant/.rvm/gems/ruby-2.4.4@global/bin:/home/vagrant/.rvm/rubies/ruby-2.4.4/bin:/home/vagrant/.rvm/bin:/home/vagrant/.nvm/versions/node/v10.1.0/bin:/usr/local/sbin:/usr/local/bin:/usr/sbin:/usr/bin:/sbin:/bin:/usr/games:/usr/local/games:/snap/bin

Yarn version: 
  1.21.1

Node version: 
  10.1.0

Platform: 
  linux x64

Trace: 
  Error: EPROTO: protocol error, symlink '../../../multicast-dns/cli.js' -> '/vagrant/workspace/modulo_03/crypto_wallet/node_modules/bonjour/node_modules/.bin/multicast-dns'

npm manifest: 
  {
    "name": "crypto_wallet",
    "private": true,
    "dependencies": {
      "bootstrap": "^4.4.1",
      "jquery": "^3.4.1",
      "notify-js-legacy": "^0.4.1",
      "popper.js": "^1.16.1"
    },
    "version": "1.0.0",
    "main": "index.js",
    "author": "Gustavo Mori",
    "license": "MIT"
  }

yarn manifest: 
  No manifest

Lockfile: 
  # THIS IS AN AUTOGENERATED FILE. DO NOT EDIT THIS FILE DIRECTLY.
  # yarn lockfile v1
  
  
  bootstrap@^4.4.1:
    version "4.4.1"
    resolved "https://registry.yarnpkg.com/bootstrap/-/bootstrap-4.4.1.tgz#8582960eea0c5cd2bede84d8b0baf3789c3e8b01"
    integrity sha512-tbx5cHubwE6e2ZG7nqM3g/FZ5PQEDMWmMGNrCUBVRPHXTJaH7CBDdsLeu3eCh3B1tzAxTnAbtmrzvWEvT2NNEA==
  
  jquery@^3.4.1:
    version "3.4.1"
    resolved "https://registry.yarnpkg.com/jquery/-/jquery-3.4.1.tgz#714f1f8d9dde4bdfa55764ba37ef214630d80ef2"
    integrity sha512-36+AdBzCL+y6qjw5Tx7HgzeGCzC81MDDgaUP8ld2zhx58HdqXGoBd+tHdrBMiyjGQs0Hxs/MLZTu/eHNJJuWPw==
  
  notify-js-legacy@^0.4.1:
    version "0.4.1"
    resolved "https://registry.yarnpkg.com/notify-js-legacy/-/notify-js-legacy-0.4.1.tgz#d8cd3a03a16de5018b469ed578f9cd0a5d98afa7"
    integrity sha1-2M06A6Ft5QGLRp7VePnNCl2Yr6c=
  
  popper.js@^1.16.1:
    version "1.16.1"
    resolved "https://registry.yarnpkg.com/popper.js/-/popper.js-1.16.1.tgz#2a223cb3dc7b6213d740e40372be40de43e65b1b"
    integrity sha512-Wb4p1J4zyFTbM+u6WuO4XstYx4Ky9Cewe4DWrel7B0w6VVICvPwdOpotjzcf6eD8TsckVnIMNONQyPIUFOUbCQ==
